<?xml version="1.0" encoding="UTF-8"?>
<config>
	<project>
		<name>siouxfalls-azure</name>
		<output-dir>../output/</output-dir>
		<log-level>INFO</log-level>
		<python-path>/home/atais/.linuxbrew/bin/python</python-path>
		<python-main>../python/ms/call_center.py</python-main>
		<java-path>/usr/bin/java</java-path>
		<matsim-jar>../matsim/matsim-r31927mod.jar</matsim-jar>
		<matsim-xmx>2g</matsim-xmx>
	</project>
	<scenario>
		<config>../scenarios/siouxfalls/config.xml</config>
		<network>../scenarios/siouxfalls/network.xml</network>
		<population>../scenarios/siouxfalls/population.xml</population>
		<facilities>../scenarios/siouxfalls/facilities.xml</facilities>
		<iterations>9</iterations>
	</scenario>
	<genetics>
		<population-size>24</population-size>
		<max-generations>200</max-generations>
		<elitism-rate>0.10</elitism-rate>
		<crossover-rate>1</crossover-rate>
		<mutation-rate>0.2</mutation-rate>
		<tournament-arity>4</tournament-arity>
	</genetics>
</config>