<?xml version="1.0" encoding="UTF-8"?>
<config>
	<project>
		<name>siouxfalls</name>
		<output-dir>../output/</output-dir>
		<threads>4</threads>
		<log-level>INFO</log-level>
	</project>
	<scenario>
		<config>../scenarios/siouxfalls/config.xml</config>
		<network>../scenarios/siouxfalls/network.xml</network>
		<population>../scenarios/siouxfalls/population.xml</population>
		<facilities>../scenarios/siouxfalls/facilities.xml</facilities>
		<iterations>50</iterations>
	</scenario>
	<genetics>
		<population-size>35</population-size>
		<max-generations>150</max-generations>
		<elitism-rate>0.15</elitism-rate>
		<crossover-rate>1</crossover-rate>
		<mutation-rate>0.1</mutation-rate>
		<tournament-arity>2</tournament-arity>
	</genetics>
</config>