<?xml version="1.0" encoding="UTF-8"?>
<config>
	<project>
		<name>siouxfalls-fake</name>
		<output-dir>../output/</output-dir>
		<threads>4</threads>
		<log-level>INFO</log-level>
		<python-path>/usr/local/bin/python</python-path>
		<python-main>../python/ms/call_center.py</python-main>
		<java-path>/usr/bin/java</java-path>
		<matsim-jar>../matsim/matsim-fake.jar</matsim-jar>
		<matsim-xmx>2g</matsim-xmx>
	</project>
	<scenario>
		<config>../scenarios/siouxfalls/config.xml</config>
		<network>../scenarios/siouxfalls/network.xml</network>
		<population>../scenarios/siouxfalls/population.xml</population>
		<facilities>../scenarios/siouxfalls/facilities.xml</facilities>
		<iterations>1</iterations>
	</scenario>
	<genetics>
		<population-size>16</population-size>
		<max-generations>20</max-generations>
		<elitism-rate>2.0</elitism-rate>
		<crossover-rate>1.0</crossover-rate>
		<mutation-rate>0.8</mutation-rate>
		<tournament-arity>2</tournament-arity>
	</genetics>
</config>